#
# There is insufficient memory for the Java Runtime Environment to continue.
# Native memory allocation (malloc) failed to allocate 2390360 bytes. Error detail: Chunk::new
# Possible reasons:
#   The system is out of physical RAM or swap space
#   This process is running with CompressedOops enabled, and the Java Heap may be blocking the growth of the native heap
# Possible solutions:
#   Reduce memory load on the system
#   Increase physical memory or swap space
#   Check if swap backing store is full
#   Decrease Java heap size (-Xmx/-Xms)
#   Decrease number of Java threads
#   Decrease Java thread stack sizes (-Xss)
#   Set larger code cache with -XX:ReservedCodeCacheSize=
#   JVM is running with Unscaled Compressed Oops mode in which the Java heap is
#     placed in the first 4GB address space. The Java Heap base address is the
#     maximum limit for the native heap growth. Please use -XX:HeapBaseMinAddress
#     to set the Java Heap base and to place the Java Heap above 4GB virtual address.
# This output file may be truncated or incomplete.
#
#  Out of Memory Error (arena.cpp:186), pid=19328, tid=19600
#
# JRE version: OpenJDK Runtime Environment (25.0.1+8) (build 25.0.1+8-27)
# Java VM: OpenJDK 64-Bit Server VM (25.0.1+8-27, mixed mode, sharing, tiered, compressed oops, compressed class ptrs, g1 gc, windows-amd64)
# No core dump will be written. Minidumps are not enabled by default on client versions of Windows
#

---------------  S U M M A R Y ------------

Command Line: -javaagent:D:\IntelliJ IDEA Community Edition 2025.2\lib\idea_rt.jar=53935 -Dfile.encoding=UTF-8 -Dsun.stdout.encoding=UTF-8 -Dsun.stderr.encoding=UTF-8 com.example.coursecrud.CoursecrudApplication

Host: 12th Gen Intel(R) Core(TM) i5-1235U, 12 cores, 3G,  Windows 11 , 64 bit Build 22621 (10.0.22621.5415)
Time: Mon Dec 29 13:15:43 2025 India Standard Time elapsed time: 0.739329 seconds (0d 0h 0m 0s)

---------------  T H R E A D  ---------------

Current thread (0x00000202fd338fc0):  JavaThread "C2 CompilerThread0" daemon [_thread_in_native, id=19600, stack(0x0000003310d00000,0x0000003310e00000) (1024K)]


Current CompileTask:
C2:739  935       4       java.io.DataInputStream::readFully (59 bytes)

Stack: [0x0000003310d00000,0x0000003310e00000]
Native frames: (J=compiled Java code, j=interpreted, Vv=VM code, C=native code)
V  [jvm.dll+0x7a6b59]  (no source info available)
V  [jvm.dll+0x77290d]  (no source info available)
V  [jvm.dll+0x966153]  (no source info available)
V  [jvm.dll+0x968751]  (no source info available)
V  [jvm.dll+0x968e53]  (no source info available)
V  [jvm.dll+0x2fc756]  (no source info available)
V  [jvm.dll+0x111b26]  (no source info available)
V  [jvm.dll+0x111e4e]  (no source info available)
V  [jvm.dll+0x1a0a22]  (no source info available)
V  [jvm.dll+0x3b53c2]  (no source info available)
V  [jvm.dll+0x7ac4ef]  (no source info available)
V  [jvm.dll+0x2c0ac7]  (no source info available)
V  [jvm.dll+0x2bfa8f]  (no source info available)
V  [jvm.dll+0x237b60]  (no source info available)
V  [jvm.dll+0x2cfb56]  (no source info available)
V  [jvm.dll+0x2cddd5]  (no source info available)
V  [jvm.dll+0x48e6d1]  (no source info available)
V  [jvm.dll+0x906a0d]  (no source info available)
V  [jvm.dll+0x7a5135]  (no source info available)
C  [ucrtbase.dll+0x29333]  (no source info available)
C  [KERNEL32.DLL+0x1259d]  (no source info available)
C  [ntdll.dll+0x5af78]  (no source info available)

Lock stack of current Java thread (top to bottom):


---------------  P R O C E S S  ---------------

Threads class SMR info:
_java_thread_list=0x000002029c0bf330, length=12, elements={
0x00000202f8db9650, 0x00000202fd32ff90, 0x00000202fd3309f0, 0x00000202fd335d90,
0x00000202fd336950, 0x00000202fd337510, 0x00000202fd3380d0, 0x00000202fd338fc0,
0x00000202fd341d10, 0x00000202978c0ab0, 0x000002029c09de30, 0x000002029c09e5f0
}

Java Threads: ( => current thread )
  0x00000202f8db9650 JavaThread "main"                              [_thread_in_Java, id=20316, stack(0x000000330ff00000,0x0000003310000000) (1024K)]
  0x00000202fd32ff90 JavaThread "Reference Handler"          daemon [_thread_blocked, id=13428, stack(0x0000003310700000,0x0000003310800000) (1024K)]
  0x00000202fd3309f0 JavaThread "Finalizer"                  daemon [_thread_blocked, id=19000, stack(0x0000003310800000,0x0000003310900000) (1024K)]
  0x00000202fd335d90 JavaThread "Signal Dispatcher"          daemon [_thread_blocked, id=14312, stack(0x0000003310900000,0x0000003310a00000) (1024K)]
  0x00000202fd336950 JavaThread "Attach Listener"            daemon [_thread_blocked, id=19956, stack(0x0000003310a00000,0x0000003310b00000) (1024K)]
  0x00000202fd337510 JavaThread "Service Thread"             daemon [_thread_blocked, id=19644, stack(0x0000003310b00000,0x0000003310c00000) (1024K)]
  0x00000202fd3380d0 JavaThread "Monitor Deflation Thread"   daemon [_thread_blocked, id=19628, stack(0x0000003310c00000,0x0000003310d00000) (1024K)]
=>0x00000202fd338fc0 JavaThread "C2 CompilerThread0"         daemon [_thread_in_native, id=19600, stack(0x0000003310d00000,0x0000003310e00000) (1024K)]
  0x00000202fd341d10 JavaThread "C1 CompilerThread0"         daemon [_thread_blocked, id=19608, stack(0x0000003310e00000,0x0000003310f00000) (1024K)]
  0x00000202978c0ab0 JavaThread "Common-Cleaner"             daemon [_thread_blocked, id=21380, stack(0x0000003310f00000,0x0000003311000000) (1024K)]
  0x000002029c09de30 JavaThread "Monitor Ctrl-Break"         daemon [_thread_in_native, id=18844, stack(0x0000003311000000,0x0000003311100000) (1024K)]
  0x000002029c09e5f0 JavaThread "Notification Thread"        daemon [_thread_blocked, id=1520, stack(0x0000003311100000,0x0000003311200000) (1024K)]
Total: 12

Other Threads:
  0x00000202fd31f960 VMThread "VM Thread"                           [id=712, stack(0x0000003310600000,0x0000003310700000) (1024K)]
  0x00000202fd30ef10 WatcherThread "VM Periodic Task Thread"        [id=19960, stack(0x0000003310500000,0x0000003310600000) (1024K)]
  0x00000202f8df2190 WorkerThread "GC Thread#0"                     [id=15604, stack(0x0000003310000000,0x0000003310100000) (1024K)]
  0x00000202f8e0eb30 ConcurrentGCThread "G1 Main Marker"            [id=1372, stack(0x0000003310100000,0x0000003310200000) (1024K)]
  0x00000202f8e0fe70 WorkerThread "G1 Conc#0"                       [id=7292, stack(0x0000003310200000,0x0000003310300000) (1024K)]
  0x00000202f8e60d10 ConcurrentGCThread "G1 Refine#0"               [id=19244, stack(0x0000003310300000,0x0000003310400000) (1024K)]
  0x00000202f8e61920 ConcurrentGCThread "G1 Service"                [id=15136, stack(0x0000003310400000,0x0000003310500000) (1024K)]
Total: 7

Threads with active compile tasks:
C2 CompilerThread0  854  935       4       java.io.DataInputStream::readFully (59 bytes)
Total: 1

VM state: not at safepoint (normal execution)

VM Mutex/Monitor currently owned by a thread: None

Heap address: 0x00000000c5200000, size: 942 MB, Compressed Oops mode: 32-bit

CDS archive(s) mapped at: [0x000000001b000000-0x000000001bdd0000-0x000000001bdd0000), size 14483456, SharedBaseAddress: 0x000000001b000000, ArchiveRelocationMode: 1.
Compressed class space mapped at: 0x000000001c000000-0x000000005c000000, reserved size: 1073741824
UseCompressedClassPointers 1, UseCompactObjectHeaders 0
Narrow klass pointer bits 32, Max shift 3
Narrow klass base: 0x000000001b000000, Narrow klass shift: 0
Encoding Range: [0x000000001b000000 - 0x000000011b000000), (4294967296 bytes)
Klass Range:    [0x000000001b010000 - 0x000000005c000000), (1090453504 bytes)
Klass ID Range:  [65536 - 1090519033) (1090453497)
Protection zone: [0x000000001b000000 - 0x000000001b010000), (65536 bytes)

GC Precious Log:
 CardTable entry size: 512
 Card Set container configuration: InlinePtr #cards 5 size 8 Array Of Cards #cards 10 size 36 Howl #buckets 4 coarsen threshold 1843 Howl Bitmap #cards 512 size 80 coarsen threshold 460 Card regions per heap region 1 cards per card region 2048
 CPUs: 12 total, 12 available
 Memory: 3767M
 Large Page Support: Disabled
 NUMA Support: Disabled
 Compressed Oops: Enabled (32-bit)
 Heap Region Size: 1M
 Heap Min Capacity: 8M
 Heap Initial Capacity: 60M
 Heap Max Capacity: 942M
 Pre-touch: Disabled
 Parallel Workers: 10
 Concurrent Workers: 3
 Concurrent Refinement Workers: 10
 Periodic GC: Disabled

Heap:
 garbage-first heap   total reserved 964608K, committed 63488K, used 19603K [0x00000000c5200000, 0x0000000100000000)
  region size 1024K, 17 young (17408K), 0 survivors (0K)

Heap Regions: E=young(eden), S=young(survivor), O=old, HS=humongous(starts), HC=humongous(continues), CS=collection set, F=free, TAMS=top-at-mark-start, PB=parsable bottom
|   0|0x00000000c5200000, 0x00000000c5300000, 0x00000000c5300000|100%|HS|  |TAMS 0x00000000c5200000| PB 0x00000000c5200000| Complete |  0
|   1|0x00000000c5300000, 0x00000000c5400000, 0x00000000c5400000|100%|HS|  |TAMS 0x00000000c5300000| PB 0x00000000c5300000| Complete |  0
|   2|0x00000000c5400000, 0x00000000c5400000, 0x00000000c5500000|  0%| F|  |TAMS 0x00000000c5400000| PB 0x00000000c5400000| Untracked |  0
|   3|0x00000000c5500000, 0x00000000c5500000, 0x00000000c5600000|  0%| F|  |TAMS 0x00000000c5500000| PB 0x00000000c5500000| Untracked |  0
|   4|0x00000000c5600000, 0x00000000c5600000, 0x00000000c5700000|  0%| F|  |TAMS 0x00000000c5600000| PB 0x00000000c5600000| Untracked |  0
|   5|0x00000000c5700000, 0x00000000c5700000, 0x00000000c5800000|  0%| F|  |TAMS 0x00000000c5700000| PB 0x00000000c5700000| Untracked |  0
|   6|0x00000000c5800000, 0x00000000c5800000, 0x00000000c5900000|  0%| F|  |TAMS 0x00000000c5800000| PB 0x00000000c5800000| Untracked |  0
|   7|0x00000000c5900000, 0x00000000c5900000, 0x00000000c5a00000|  0%| F|  |TAMS 0x00000000c5900000| PB 0x00000000c5900000| Untracked |  0
|   8|0x00000000c5a00000, 0x00000000c5a00000, 0x00000000c5b00000|  0%| F|  |TAMS 0x00000000c5a00000| PB 0x00000000c5a00000| Untracked |  0
|   9|0x00000000c5b00000, 0x00000000c5b00000, 0x00000000c5c00000|  0%| F|  |TAMS 0x00000000c5b00000| PB 0x00000000c5b00000| Untracked |  0
|  10|0x00000000c5c00000, 0x00000000c5c00000, 0x00000000c5d00000|  0%| F|  |TAMS 0x00000000c5c00000| PB 0x00000000c5c00000| Untracked |  0
|  11|0x00000000c5d00000, 0x00000000c5d00000, 0x00000000c5e00000|  0%| F|  |TAMS 0x00000000c5d00000| PB 0x00000000c5d00000| Untracked |  0
|  12|0x00000000c5e00000, 0x00000000c5e00000, 0x00000000c5f00000|  0%| F|  |TAMS 0x00000000c5e00000| PB 0x00000000c5e00000| Untracked |  0
|  13|0x00000000c5f00000, 0x00000000c5f00000, 0x00000000c6000000|  0%| F|  |TAMS 0x00000000c5f00000| PB 0x00000000c5f00000| Untracked |  0
|  14|0x00000000c6000000, 0x00000000c6000000, 0x00000000c6100000|  0%| F|  |TAMS 0x00000000c6000000| PB 0x00000000c6000000| Untracked |  0
|  15|0x00000000c6100000, 0x00000000c6100000, 0x00000000c6200000|  0%| F|  |TAMS 0x00000000c6100000| PB 0x00000000c6100000| Untracked |  0
|  16|0x00000000c6200000, 0x00000000c6200000, 0x00000000c6300000|  0%| F|  |TAMS 0x00000000c6200000| PB 0x00000000c6200000| Untracked |  0
|  17|0x00000000c6300000, 0x00000000c6300000, 0x00000000c6400000|  0%| F|  |TAMS 0x00000000c6300000| PB 0x00000000c6300000| Untracked |  0
|  18|0x00000000c6400000, 0x00000000c6400000, 0x00000000c6500000|  0%| F|  |TAMS 0x00000000c6400000| PB 0x00000000c6400000| Untracked |  0
|  19|0x00000000c6500000, 0x00000000c6500000, 0x00000000c6600000|  0%| F|  |TAMS 0x00000000c6500000| PB 0x00000000c6500000| Untracked |  0
|  20|0x00000000c6600000, 0x00000000c6600000, 0x00000000c6700000|  0%| F|  |TAMS 0x00000000c6600000| PB 0x00000000c6600000| Untracked |  0
|  21|0x00000000c6700000, 0x00000000c6700000, 0x00000000c6800000|  0%| F|  |TAMS 0x00000000c6700000| PB 0x00000000c6700000| Untracked |  0
|  22|0x00000000c6800000, 0x00000000c6800000, 0x00000000c6900000|  0%| F|  |TAMS 0x00000000c6800000| PB 0x00000000c6800000| Untracked |  0
|  23|0x00000000c6900000, 0x00000000c6900000, 0x00000000c6a00000|  0%| F|  |TAMS 0x00000000c6900000| PB 0x00000000c6900000| Untracked |  0
|  24|0x00000000c6a00000, 0x00000000c6a00000, 0x00000000c6b00000|  0%| F|  |TAMS 0x00000000c6a00000| PB 0x00000000c6a00000| Untracked |  0
|  25|0x00000000c6b00000, 0x00000000c6b00000, 0x00000000c6c00000|  0%| F|  |TAMS 0x00000000c6b00000| PB 0x00000000c6b00000| Untracked |  0
|  26|0x00000000c6c00000, 0x00000000c6c00000, 0x00000000c6d00000|  0%| F|  |TAMS 0x00000000c6c00000| PB 0x00000000c6c00000| Untracked |  0
|  27|0x00000000c6d00000, 0x00000000c6d00000, 0x00000000c6e00000|  0%| F|  |TAMS 0x00000000c6d00000| PB 0x00000000c6d00000| Untracked |  0
|  28|0x00000000c6e00000, 0x00000000c6e00000, 0x00000000c6f00000|  0%| F|  |TAMS 0x00000000c6e00000| PB 0x00000000c6e00000| Untracked |  0
|  29|0x00000000c6f00000, 0x00000000c6f00000, 0x00000000c7000000|  0%| F|  |TAMS 0x00000000c6f00000| PB 0x00000000c6f00000| Untracked |  0
|  30|0x00000000c7000000, 0x00000000c7000000, 0x00000000c7100000|  0%| F|  |TAMS 0x00000000c7000000| PB 0x00000000c7000000| Untracked |  0
|  31|0x00000000c7100000, 0x00000000c7100000, 0x00000000c7200000|  0%| F|  |TAMS 0x00000000c7100000| PB 0x00000000c7100000| Untracked |  0
|  32|0x00000000c7200000, 0x00000000c7200000, 0x00000000c7300000|  0%| F|  |TAMS 0x00000000c7200000| PB 0x00000000c7200000| Untracked |  0
|  33|0x00000000c7300000, 0x00000000c7300000, 0x00000000c7400000|  0%| F|  |TAMS 0x00000000c7300000| PB 0x00000000c7300000| Untracked |  0
|  34|0x00000000c7400000, 0x00000000c7400000, 0x00000000c7500000|  0%| F|  |TAMS 0x00000000c7400000| PB 0x00000000c7400000| Untracked |  0
|  35|0x00000000c7500000, 0x00000000c7500000, 0x00000000c7600000|  0%| F|  |TAMS 0x00000000c7500000| PB 0x00000000c7500000| Untracked |  0
|  36|0x00000000c7600000, 0x00000000c7600000, 0x00000000c7700000|  0%| F|  |TAMS 0x00000000c7600000| PB 0x00000000c7600000| Untracked |  0
|  37|0x00000000c7700000, 0x00000000c7700000, 0x00000000c7800000|  0%| F|  |TAMS 0x00000000c7700000| PB 0x00000000c7700000| Untracked |  0
|  38|0x00000000c7800000, 0x00000000c7800000, 0x00000000c7900000|  0%| F|  |TAMS 0x00000000c7800000| PB 0x00000000c7800000| Untracked |  0
|  39|0x00000000c7900000, 0x00000000c7900000, 0x00000000c7a00000|  0%| F|  |TAMS 0x00000000c7900000| PB 0x00000000c7900000| Untracked |  0
|  40|0x00000000c7a00000, 0x00000000c7a00000, 0x00000000c7b00000|  0%| F|  |TAMS 0x00000000c7a00000| PB 0x00000000c7a00000| Untracked |  0
|  41|0x00000000c7b00000, 0x00000000c7b00000, 0x00000000c7c00000|  0%| F|  |TAMS 0x00000000c7b00000| PB 0x00000000c7b00000| Untracked |  0
|  42|0x00000000c7c00000, 0x00000000c7c00000, 0x00000000c7d00000|  0%| F|  |TAMS 0x00000000c7c00000| PB 0x00000000c7c00000| Untracked |  0
|  43|0x00000000c7d00000, 0x00000000c7d80000, 0x00000000c7e00000| 50%| E|  |TAMS 0x00000000c7d00000| PB 0x00000000c7d00000| Complete |  0
|  44|0x00000000c7e00000, 0x00000000c7f00000, 0x00000000c7f00000|100%| E|CS|TAMS 0x00000000c7e00000| PB 0x00000000c7e00000| Complete |  0
|  45|0x00000000c7f00000, 0x00000000c8000000, 0x00000000c8000000|100%| E|CS|TAMS 0x00000000c7f00000| PB 0x00000000c7f00000| Complete |  0
|  46|0x00000000c8000000, 0x00000000c8100000, 0x00000000c8100000|100%| E|CS|TAMS 0x00000000c8000000| PB 0x00000000c8000000| Complete |  0
|  47|0x00000000c8100000, 0x00000000c8200000, 0x00000000c8200000|100%| E|CS|TAMS 0x00000000c8100000| PB 0x00000000c8100000| Complete |  0
|  48|0x00000000c8200000, 0x00000000c8300000, 0x00000000c8300000|100%| E|CS|TAMS 0x00000000c8200000| PB 0x00000000c8200000| Complete |  0
|  49|0x00000000c8300000, 0x00000000c8400000, 0x00000000c8400000|100%| E|CS|TAMS 0x00000000c8300000| PB 0x00000000c8300000| Complete |  0
|  50|0x00000000c8400000, 0x00000000c8500000, 0x00000000c8500000|100%| E|CS|TAMS 0x00000000c8400000| PB 0x00000000c8400000| Complete |  0
|  51|0x00000000c8500000, 0x00000000c8600000, 0x00000000c8600000|100%| E|CS|TAMS 0x00000000c8500000| PB 0x00000000c8500000| Complete |  0
|  52|0x00000000c8600000, 0x00000000c8700000, 0x00000000c8700000|100%| E|CS|TAMS 0x00000000c8600000| PB 0x00000000c8600000| Complete |  0
|  53|0x00000000c8700000, 0x00000000c8800000, 0x00000000c8800000|100%| E|CS|TAMS 0x00000000c8700000| PB 0x00000000c8700000| Complete |  0
|  54|0x00000000c8800000, 0x00000000c8900000, 0x00000000c8900000|100%| E|CS|TAMS 0x00000000c8800000| PB 0x00000000c8800000| Complete |  0
|  55|0x00000000c8900000, 0x00000000c8a00000, 0x00000000c8a00000|100%| E|CS|TAMS 0x00000000c8900000| PB 0x00000000c8900000| Complete |  0
|  56|0x00000000c8a00000, 0x00000000c8b00000, 0x00000000c8b00000|100%| E|CS|TAMS 0x00000000c8a00000| PB 0x00000000c8a00000| Complete |  0
|  57|0x00000000c8b00000, 0x00000000c8c00000, 0x00000000c8c00000|100%| E|CS|TAMS 0x00000000c8b00000| PB 0x00000000c8b00000| Complete |  0
|  58|0x00000000c8c00000, 0x00000000c8d00000, 0x00000000c8d00000|100%| E|CS|TAMS 0x00000000c8c00000| PB 0x00000000c8c00000| Complete |  0
|  59|0x00000000c8d00000, 0x00000000c8e00000, 0x00000000c8e00000|100%| E|CS|TAMS 0x00000000c8d00000| PB 0x00000000c8d00000| Complete |  0
| 940|0x00000000ffe00000, 0x00000000fff00000, 0x00000000fff00000|100%| O|  |TAMS 0x00000000ffe00000| PB 0x00000000ffe00000| Untracked |  0
| 941|0x00000000fff00000, 0x00000000fff24ea8, 0x0000000100000000| 14%| O|  |TAMS 0x00000000fff00000| PB 0x00000000fff00000| Untracked |  0

Card table byte_map: [0x00000202f96b0000,0x00000202f9890000] _byte_map_base: 0x00000202f9087000

Marking Bits: (CMBitMap*) 0x00000202f8df2920
 Bits: [0x00000202f9890000, 0x00000202fa748000)

Polling page: 0x00000202f6c40000

Metaspace:
Metaspace        used 4455K, committed 4672K, reserved 1114112K
 class space     used 349K, committed 448K, reserved 1048576K

Usage:
  Non-class:      4.01 MB used.
      Class:    349.98 KB used.
       Both:      4.35 MB used.

Virtual space:
  Non-class space:       64.00 MB reserved,       4.12 MB (  6%) committed,  1 nodes.
      Class space:        1.00 GB reserved,     448.00 KB ( <1%) committed,  1 nodes.
             Both:        1.06 GB reserved,       4.56 MB ( <1%) committed. 

Chunk freelists:
   Non-Class:  10.03 MB
       Class:  15.54 MB
        Both:  25.57 MB

MaxMetaspaceSize: unlimited
CompressedClassSpaceSize: 1.00 GB
Initial GC threshold: 21.00 MB
Current GC threshold: 21.00 MB
CDS: on
 - commit_granule_bytes: 65536.
 - commit_granule_words: 8192.
 - virtual_space_node_default_size: 8388608.
 - enlarge_chunks_in_place: 1.
UseCompressedClassPointers 1, UseCompactObjectHeaders 0
Narrow klass pointer bits 32, Max shift 3
Narrow klass base: 0x000000001b000000, Narrow klass shift: 0
Encoding Range: [0x000000001b000000 - 0x000000011b000000), (4294967296 bytes)
Klass Range:    [0x000000001b010000 - 0x000000005c000000), (1090453504 bytes)
Klass ID Range:  [65536 - 1090519033) (1090453497)
Protection zone: [0x000000001b000000 - 0x000000001b010000), (65536 bytes)


Internal statistics:

num_allocs_failed_limit: 0.
num_arena_births: 68.
num_arena_deaths: 0.
num_vsnodes_births: 2.
num_vsnodes_deaths: 0.
num_space_committed: 73.
num_space_uncommitted: 0.
num_chunks_returned_to_freelist: 0.
num_chunks_taken_from_freelist: 181.
num_chunk_merges: 0.
num_chunk_splits: 113.
num_chunks_enlarged: 81.
num_inconsistent_stats: 0.

CodeHeap 'non-profiled nmethods': size=120064Kb used=256Kb max_used=256Kb free=119807Kb
 bounds [0x0000020290280000, 0x00000202904f0000, 0x00000202977c0000]
CodeHeap 'profiled nmethods': size=120000Kb used=1574Kb max_used=1574Kb free=118425Kb
 bounds [0x00000202887c0000, 0x0000020288a30000, 0x000002028fcf0000]
CodeHeap 'non-nmethods': size=5696Kb used=1353Kb max_used=1353Kb free=4342Kb
 bounds [0x000002028fcf0000, 0x000002028ff60000, 0x0000020290280000]
CodeCache: size=245760Kb, used=3183Kb, max_used=3183Kb, free=242574Kb
 total_blobs=1597, nmethods=1118, adapters=382, full_count=0
Compilation: enabled, stopped_count=0, restarted_count=0

Compilation events (20 events):
Event: 0.721 Thread 0x00000202fd341d10 nmethod 948 0x00000202888eb588 code [0x00000202888eb680, 0x00000202888eb7d8]
Event: 0.721 Thread 0x00000202fd341d10  946       3       java.util.jar.JarFile::getManifest (5 bytes)
Event: 0.721 Thread 0x00000202fd341d10 nmethod 946 0x00000202888eb888 code [0x00000202888eb980, 0x00000202888ebab0]
Event: 0.721 Thread 0x00000202fd341d10  947   !   3       java.util.jar.JarFile::getManifestFromReference (197 bytes)
Event: 0.722 Thread 0x00000202fd341d10 nmethod 947 0x00000202888ebb88 code [0x00000202888ebc80, 0x00000202888ed2a0]
Event: 0.725 Thread 0x00000202fd341d10  949       3       java.util.ArrayList$Itr::hasNext (20 bytes)
Event: 0.725 Thread 0x00000202fd341d10 nmethod 949 0x00000202888ed308 code [0x00000202888ed400, 0x00000202888ed568]
Event: 0.726 Thread 0x00000202fd341d10  950       3       java.io.WinNTFileSystem::resolve (349 bytes)
Event: 0.728 Thread 0x00000202fd341d10 nmethod 950 0x00000202888ed608 code [0x00000202888ed700, 0x00000202888f0f88]
Event: 0.728 Thread 0x00000202fd341d10  954       3       jdk.internal.classfile.impl.AttributeHolder::withAttribute (124 bytes)
Event: 0.729 Thread 0x00000202fd341d10 nmethod 954 0x00000202888f1008 code [0x00000202888f1100, 0x00000202888f1b60]
Event: 0.729 Thread 0x00000202fd341d10  952       1       java.lang.invoke.DirectMethodHandle::internalMemberName (5 bytes)
Event: 0.729 Thread 0x00000202fd341d10 nmethod 952 0x00000202902bab08 code [0x00000202902bac00, 0x00000202902bacc8]
Event: 0.729 Thread 0x00000202fd341d10  953       3       jdk.internal.classfile.impl.AbstractPoolEntry$NameAndTypeEntryImpl::type (8 bytes)
Event: 0.729 Thread 0x00000202fd341d10 nmethod 953 0x00000202888f1b88 code [0x00000202888f1c80, 0x00000202888f1e70]
Event: 0.729 Thread 0x00000202fd341d10  951       3       java.lang.String::<init> (10 bytes)
Event: 0.729 Thread 0x00000202fd341d10 nmethod 951 0x00000202888f1e88 code [0x00000202888f1f80, 0x00000202888f20d0]
Event: 0.732 Thread 0x00000202fd341d10  955       3       sun.net.www.protocol.file.Handler::parseURL (18 bytes)
Event: 0.732 Thread 0x00000202fd341d10 nmethod 955 0x00000202888f2188 code [0x00000202888f2280, 0x00000202888f24b8]
Event: 0.732 Thread 0x00000202fd341d10  956       3       java.net.URLStreamHandler::parseURL (1130 bytes)

GC Heap Usage History (0 events):
No events

Metaspace Usage History (0 events):
No events

Dll operation events (8 events):
Event: 0.049 Loaded shared library C:\Users\tando\.jdks\openjdk-25.0.1\bin\java.dll
Event: 0.256 Loaded shared library C:\Users\tando\.jdks\openjdk-25.0.1\bin\zip.dll
Event: 0.261 Loaded shared library C:\Users\tando\.jdks\openjdk-25.0.1\bin\instrument.dll
Event: 0.270 Loaded shared library C:\Users\tando\.jdks\openjdk-25.0.1\bin\net.dll
Event: 0.272 Loaded shared library C:\Users\tando\.jdks\openjdk-25.0.1\bin\nio.dll
Event: 0.276 Loaded shared library C:\Users\tando\.jdks\openjdk-25.0.1\bin\zip.dll
Event: 0.509 Loaded shared library C:\Users\tando\.jdks\openjdk-25.0.1\bin\extnet.dll
Event: 0.530 Loaded shared library C:\Users\tando\.jdks\openjdk-25.0.1\bin\jimage.dll

Deoptimization events (20 events):
Event: 0.649 Thread 0x00000202f8db9650 DEOPT PACKING pc=0x000002028889b719 sp=0x000000330fffb290
Event: 0.649 Thread 0x00000202f8db9650 DEOPT UNPACKING pc=0x000002028fd41702 sp=0x000000330fffa6e0 mode 0
Event: 0.664 Thread 0x00000202f8db9650 DEOPT PACKING pc=0x000002028889b719 sp=0x000000330fff8cc0
Event: 0.664 Thread 0x00000202f8db9650 DEOPT UNPACKING pc=0x000002028fd41702 sp=0x000000330fff8110 mode 0
Event: 0.680 Thread 0x00000202f8db9650 DEOPT PACKING pc=0x000002028889b719 sp=0x000000330fffc360
Event: 0.680 Thread 0x00000202f8db9650 DEOPT UNPACKING pc=0x000002028fd41702 sp=0x000000330fffb7b0 mode 0
Event: 0.698 Thread 0x00000202f8db9650 DEOPT PACKING pc=0x000002028889b719 sp=0x000000330fff70f0
Event: 0.698 Thread 0x00000202f8db9650 DEOPT UNPACKING pc=0x000002028fd41702 sp=0x000000330fff6540 mode 0
Event: 0.704 Thread 0x00000202f8db9650 Uncommon trap: trap_request=0xffffff45 fr.pc=0x0000020290292378 relative=0x0000000000000078
Event: 0.704 Thread 0x00000202f8db9650 Uncommon trap: reason=unstable_if action=reinterpret pc=0x0000020290292378 method=jdk.internal.misc.Unsafe.convEndian(ZS)S @ 4 c2
Event: 0.704 Thread 0x00000202f8db9650 DEOPT PACKING pc=0x0000020290292378 sp=0x000000330fffbda0
Event: 0.704 Thread 0x00000202f8db9650 DEOPT UNPACKING pc=0x000002028fe13302 sp=0x000000330fffbcd0 mode 2
Event: 0.705 Thread 0x00000202f8db9650 DEOPT PACKING pc=0x00000202887f0970 sp=0x000000330fffbf50
Event: 0.705 Thread 0x00000202f8db9650 DEOPT UNPACKING pc=0x000002028fd41702 sp=0x000000330fffb388 mode 0
Event: 0.708 Thread 0x00000202f8db9650 Uncommon trap: trap_request=0xffffff45 fr.pc=0x0000020290292c74 relative=0x0000000000000074
Event: 0.708 Thread 0x00000202f8db9650 Uncommon trap: reason=unstable_if action=reinterpret pc=0x0000020290292c74 method=jdk.internal.misc.Unsafe.convEndian(ZI)I @ 4 c2
Event: 0.708 Thread 0x00000202f8db9650 DEOPT PACKING pc=0x0000020290292c74 sp=0x000000330fffc790
Event: 0.708 Thread 0x00000202f8db9650 DEOPT UNPACKING pc=0x000002028fe13302 sp=0x000000330fffc6c0 mode 2
Event: 0.732 Thread 0x00000202f8db9650 DEOPT PACKING pc=0x000002028889b719 sp=0x000000330fffd720
Event: 0.732 Thread 0x00000202f8db9650 DEOPT UNPACKING pc=0x000002028fd41702 sp=0x000000330fffcb70 mode 0

Classes loaded (20 events):
Event: 0.700 Loading class java/util/concurrent/atomic/AtomicBoolean
Event: 0.700 Loading class java/util/concurrent/atomic/AtomicBoolean done
Event: 0.708 Loading class sun/util/calendar/ZoneInfoFile$Checksum
Event: 0.708 Loading class sun/util/calendar/ZoneInfoFile$Checksum done
Event: 0.708 Loading class java/time/zone/ZoneRulesProvider
Event: 0.708 Loading class java/time/zone/ZoneRulesProvider done
Event: 0.708 Loading class java/time/zone/TzdbZoneRulesProvider
Event: 0.709 Loading class java/time/zone/TzdbZoneRulesProvider done
Event: 0.713 Loading class java/time/zone/Ser
Event: 0.713 Loading class java/io/Externalizable
Event: 0.713 Loading class java/io/Externalizable done
Event: 0.713 Loading class java/time/zone/Ser done
Event: 0.714 Loading class java/time/zone/ZoneOffsetTransition
Event: 0.714 Loading class java/time/zone/ZoneOffsetTransition done
Event: 0.717 Loading class java/util/concurrent/atomic/AtomicReference
Event: 0.717 Loading class java/util/concurrent/atomic/AtomicReference done
Event: 0.731 Loading class java/lang/InterruptedException
Event: 0.731 Loading class java/lang/InterruptedException done
Event: 0.731 Loading class java/util/concurrent/TimeoutException
Event: 0.731 Loading class java/util/concurrent/TimeoutException done

Classes unloaded (0 events):
No events

Classes redefined (0 events):
No events

Internal exceptions (13 events):
Event: 0.478 Thread 0x00000202f8db9650 Exception <a 'java/lang/NoSuchMethodError'{0x00000000c87bce70}: 'void java.lang.invoke.DirectMethodHandle$Holder.invokeStatic(java.lang.Object, java.lang.Object, java.lang.Object)'> (0x00000000c87bce70) 
thrown [s\open\src\hotspot\share\interpreter\linkResolver.cpp, line 804]
Event: 0.483 Thread 0x00000202f8db9650 Exception <a 'java/lang/NoSuchMethodError'{0x00000000c87f1d08}: 'java.lang.Object java.lang.invoke.Invokers$Holder.invokeExact_MT(java.lang.Object, java.lang.Object, java.lang.Object, java.lang.Object, java.lang.Object)'> (0x00000000c87f1d08) 
thrown [s\open\src\hotspot\share\interpreter\linkResolver.cpp, line 804]
Event: 0.507 Thread 0x000002029c09de30 Exception <a 'java/lang/NoSuchMethodError'{0x00000000c868d230}: 'java.lang.Object java.lang.invoke.DirectMethodHandle$Holder.invokeStaticInit(java.lang.Object)'> (0x00000000c868d230) 
thrown [s\open\src\hotspot\share\interpreter\linkResolver.cpp, line 804]
Event: 0.512 Thread 0x000002029c09de30 Exception <a 'java/lang/NoSuchMethodError'{0x00000000c8697ec0}: 'void java.lang.invoke.DirectMethodHandle$Holder.invokeStatic(java.lang.Object, java.lang.Object)'> (0x00000000c8697ec0) 
thrown [s\open\src\hotspot\share\interpreter\linkResolver.cpp, line 804]
Event: 0.517 Thread 0x00000202f8db9650 Exception <a 'java/lang/NoSuchMethodError'{0x00000000c85195e8}: 'java.lang.Object java.lang.invoke.DirectMethodHandle$Holder.invokeStaticInit(java.lang.Object, java.lang.Object, java.lang.Object)'> (0x00000000c85195e8) 
thrown [s\open\src\hotspot\share\interpreter\linkResolver.cpp, line 804]
Event: 0.578 Thread 0x00000202f8db9650 Exception <a 'java/lang/NoSuchMethodError'{0x00000000c8434020}: 'void java.lang.invoke.DirectMethodHandle$Holder.invokeStatic(java.lang.Object, java.lang.Object, java.lang.Object, java.lang.Object)'> (0x00000000c8434020) 
thrown [s\open\src\hotspot\share\interpreter\linkResolver.cpp, line 804]
Event: 0.601 Thread 0x00000202f8db9650 Exception <a 'java/lang/NoSuchMethodError'{0x00000000c84a8fc0}: 'int java.lang.invoke.DirectMethodHandle$Holder.invokeStatic(java.lang.Object)'> (0x00000000c84a8fc0) 
thrown [s\open\src\hotspot\share\interpreter\linkResolver.cpp, line 804]
Event: 0.602 Thread 0x00000202f8db9650 Exception <a 'java/lang/NoSuchMethodError'{0x00000000c84b0cb0}: 'int java.lang.invoke.DirectMethodHandle$Holder.invokeStaticInit(java.lang.Object)'> (0x00000000c84b0cb0) 
thrown [s\open\src\hotspot\share\interpreter\linkResolver.cpp, line 804]
Event: 0.617 Thread 0x00000202f8db9650 Exception <a 'java/lang/NoSuchMethodError'{0x00000000c8318d58}: 'java.lang.Object java.lang.invoke.DirectMethodHandle$Holder.invokeStatic(java.lang.Object, int, java.lang.Object)'> (0x00000000c8318d58) 
thrown [s\open\src\hotspot\share\interpreter\linkResolver.cpp, line 804]
Event: 0.624 Thread 0x00000202f8db9650 Exception <a 'java/lang/NoSuchMethodError'{0x00000000c83335d0}: 'java.lang.Object java.lang.invoke.DirectMethodHandle$Holder.invokeInterface(java.lang.Object, java.lang.Object)'> (0x00000000c83335d0) 
thrown [s\open\src\hotspot\share\interpreter\linkResolver.cpp, line 804]
Event: 0.651 Thread 0x00000202f8db9650 Exception <a 'java/lang/NoSuchMethodError'{0x00000000c83be318}: 'void java.lang.invoke.DirectMethodHandle$Holder.invokeStaticInit(java.lang.Object, java.lang.Object, java.lang.Object, java.lang.Object)'> (0x00000000c83be318) 
thrown [s\open\src\hotspot\share\interpreter\linkResolver.cpp, line 804]
Event: 0.692 Thread 0x00000202f8db9650 Exception <a 'java/lang/NoSuchMethodError'{0x00000000c82bf450}: 'java.lang.Object java.lang.invoke.DelegatingMethodHandle$Holder.reinvoke_L(java.lang.Object, java.lang.Object, java.lang.Object, long, java.lang.Object)'> (0x00000000c82bf450) 
thrown [s\open\src\hotspot\share\interpreter\linkResolver.cpp, line 804]
Event: 0.693 Thread 0x00000202f8db9650 Exception <a 'java/lang/NoSuchMethodError'{0x00000000c82cfaa8}: 'java.lang.Object java.lang.invoke.Invokers$Holder.linkToTargetMethod(java.lang.Object, long, java.lang.Object, java.lang.Object)'> (0x00000000c82cfaa8) 
thrown [s\open\src\hotspot\share\interpreter\linkResolver.cpp, line 804]

VM Operations (8 events):
Event: 0.240 Executing non-safepoint VM operation: HandshakeAllThreads (Deoptimize)
Event: 0.240 Executing non-safepoint VM operation: HandshakeAllThreads (Deoptimize) done
Event: 0.572 Executing non-safepoint VM operation: HandshakeAllThreads (Deoptimize)
Event: 0.572 Executing non-safepoint VM operation: HandshakeAllThreads (Deoptimize) done
Event: 0.631 Executing non-safepoint VM operation: HandshakeAllThreads (Deoptimize)
Event: 0.631 Executing non-safepoint VM operation: HandshakeAllThreads (Deoptimize) done
Event: 0.661 Executing non-safepoint VM operation: HandshakeAllThreads (Deoptimize)
Event: 0.661 Executing non-safepoint VM operation: HandshakeAllThreads (Deoptimize) done

Memory protections (0 events):
No events

Nmethod flushes (0 events):
No events

Events (12 events):
Event: 0.077 Thread 0x00000202f8db9650 Thread added: 0x00000202f8db9650
Event: 0.104 Thread 0x00000202f8db9650 Thread added: 0x00000202fd32ff90
Event: 0.104 Thread 0x00000202f8db9650 Thread added: 0x00000202fd3309f0
Event: 0.105 Thread 0x00000202f8db9650 Thread added: 0x00000202fd335d90
Event: 0.105 Thread 0x00000202f8db9650 Thread added: 0x00000202fd336950
Event: 0.105 Thread 0x00000202f8db9650 Thread added: 0x00000202fd337510
Event: 0.105 Thread 0x00000202f8db9650 Thread added: 0x00000202fd3380d0
Event: 0.105 Thread 0x00000202f8db9650 Thread added: 0x00000202fd338fc0
Event: 0.105 Thread 0x00000202f8db9650 Thread added: 0x00000202fd341d10
Event: 0.268 Thread 0x00000202f8db9650 Thread added: 0x00000202978c0ab0
Event: 0.486 Thread 0x00000202f8db9650 Thread added: 0x000002029c09de30
Event: 0.486 Thread 0x00000202f8db9650 Thread added: 0x000002029c09e5f0


Dynamic libraries:
0x00007ff6435d0000 - 0x00007ff6435de000 	C:\Users\tando\.jdks\openjdk-25.0.1\bin\java.exe
0x00007ff9add10000 - 0x00007ff9adf27000 	C:\windows\SYSTEM32\ntdll.dll
0x00007ff9ad2f0000 - 0x00007ff9ad3b4000 	C:\windows\System32\KERNEL32.DLL
0x00007ff9ab1c0000 - 0x00007ff9ab592000 	C:\windows\System32\KERNELBASE.dll
0x00007ff9ab850000 - 0x00007ff9ab961000 	C:\windows\System32\ucrtbase.dll
0x00007ff9a6560000 - 0x00007ff9a6577000 	C:\Users\tando\.jdks\openjdk-25.0.1\bin\jli.dll
0x00007ff987680000 - 0x00007ff98769e000 	C:\Users\tando\.jdks\openjdk-25.0.1\bin\VCRUNTIME140.dll
0x00007ff9abad0000 - 0x00007ff9abc81000 	C:\windows\System32\USER32.dll
0x00007ff9ab820000 - 0x00007ff9ab846000 	C:\windows\System32\win32u.dll
0x00007ff9ac930000 - 0x00007ff9ac959000 	C:\windows\System32\GDI32.dll
0x00007ff989180000 - 0x00007ff98941b000 	C:\windows\WinSxS\amd64_microsoft.windows.common-controls_6595b64144ccf1df_6.0.22621.5547_none_27104afb73855772\COMCTL32.dll
0x00007ff9aaf70000 - 0x00007ff9ab093000 	C:\windows\System32\gdi32full.dll
0x00007ff9ab0a0000 - 0x00007ff9ab13a000 	C:\windows\System32\msvcp_win.dll
0x00007ff9ad3d0000 - 0x00007ff9ad477000 	C:\windows\System32\msvcrt.dll
0x00007ff9adb40000 - 0x00007ff9adb71000 	C:\windows\System32\IMM32.DLL
0x00007ff98d120000 - 0x00007ff98d12c000 	C:\Users\tando\.jdks\openjdk-25.0.1\bin\vcruntime140_1.dll
0x00007ff978ca0000 - 0x00007ff978d2d000 	C:\Users\tando\.jdks\openjdk-25.0.1\bin\msvcp140.dll
0x00007ff954830000 - 0x00007ff95568f000 	C:\Users\tando\.jdks\openjdk-25.0.1\bin\server\jvm.dll
0x00007ff9adb80000 - 0x00007ff9adc31000 	C:\windows\System32\ADVAPI32.dll
0x00007ff9ac340000 - 0x00007ff9ac3e8000 	C:\windows\System32\sechost.dll
0x00007ff9ab970000 - 0x00007ff9ab998000 	C:\windows\System32\bcrypt.dll
0x00007ff9ab9a0000 - 0x00007ff9abab4000 	C:\windows\System32\RPCRT4.dll
0x00007ff9ad270000 - 0x00007ff9ad2e1000 	C:\windows\System32\WS2_32.dll
0x00007ff99ed00000 - 0x00007ff99ed0a000 	C:\windows\SYSTEM32\VERSION.dll
0x00007ff9aacd0000 - 0x00007ff9aad1d000 	C:\windows\SYSTEM32\POWRPROF.dll
0x00007ff9a1eb0000 - 0x00007ff9a1ee4000 	C:\windows\SYSTEM32\WINMM.dll
0x00007ff9aacb0000 - 0x00007ff9aacc3000 	C:\windows\SYSTEM32\UMPDC.dll
0x00007ff9a9df0000 - 0x00007ff9a9e08000 	C:\windows\SYSTEM32\kernel.appcore.dll
0x00007ff987ff0000 - 0x00007ff987ffa000 	C:\Users\tando\.jdks\openjdk-25.0.1\bin\jimage.dll
0x00007ff9a8080000 - 0x00007ff9a82b3000 	C:\windows\SYSTEM32\DBGHELP.DLL
0x00007ff9ad720000 - 0x00007ff9adab3000 	C:\windows\System32\combase.dll
0x00007ff9ad480000 - 0x00007ff9ad557000 	C:\windows\System32\OLEAUT32.dll
0x00007ff9883b0000 - 0x00007ff9883e2000 	C:\windows\SYSTEM32\dbgcore.DLL
0x00007ff9ab7a0000 - 0x00007ff9ab81b000 	C:\windows\System32\bcryptPrimitives.dll
0x00007ff987330000 - 0x00007ff987340000 	C:\Users\tando\.jdks\openjdk-25.0.1\bin\instrument.dll
0x00007ff979aa0000 - 0x00007ff979abf000 	C:\Users\tando\.jdks\openjdk-25.0.1\bin\java.dll
0x00007ff9abc90000 - 0x00007ff9abe30000 	C:\windows\System32\ole32.dll
0x00007ff9ac960000 - 0x00007ff9ad202000 	C:\windows\System32\SHELL32.dll
0x00007ff9ab660000 - 0x00007ff9ab79f000 	C:\windows\System32\wintypes.dll
0x00007ff9a8ce0000 - 0x00007ff9a95fd000 	C:\windows\SYSTEM32\windows.storage.dll
0x00007ff9ad5f0000 - 0x00007ff9ad6fc000 	C:\windows\System32\SHCORE.dll
0x00007ff9adad0000 - 0x00007ff9adb39000 	C:\windows\System32\shlwapi.dll
0x00007ff9aad30000 - 0x00007ff9aad5b000 	C:\windows\SYSTEM32\profapi.dll
0x00007ff978c80000 - 0x00007ff978c97000 	C:\Users\tando\.jdks\openjdk-25.0.1\bin\zip.dll
0x00007ff979a80000 - 0x00007ff979a92000 	C:\Users\tando\.jdks\openjdk-25.0.1\bin\net.dll
0x00007ff9aa270000 - 0x00007ff9aa2d9000 	C:\windows\system32\mswsock.dll
0x00007ff979a60000 - 0x00007ff979a76000 	C:\Users\tando\.jdks\openjdk-25.0.1\bin\nio.dll
0x00007ff978c70000 - 0x00007ff978c79000 	C:\Users\tando\.jdks\openjdk-25.0.1\bin\extnet.dll

JVMTI agents:
D:\IntelliJ IDEA Community Edition 2025.2\lib\idea_rt.jar path:C:\Users\tando\.jdks\openjdk-25.0.1\bin\instrument.dll, loaded, initialized, instrumentlib options:53935

dbghelp: loaded successfully - version: 4.0.5 - missing functions: none
symbol engine: initialized successfully - sym options: 0x614 - pdb path: .;C:\Users\tando\.jdks\openjdk-25.0.1\bin;C:\windows\SYSTEM32;C:\windows\WinSxS\amd64_microsoft.windows.common-controls_6595b64144ccf1df_6.0.22621.5547_none_27104afb73855772;C:\Users\tando\.jdks\openjdk-25.0.1\bin\server

VM Arguments:
jvm_args: -javaagent:D:\IntelliJ IDEA Community Edition 2025.2\lib\idea_rt.jar=53935 -Dfile.encoding=UTF-8 -Dsun.stdout.encoding=UTF-8 -Dsun.stderr.encoding=UTF-8 
java_command: com.example.coursecrud.CoursecrudApplication
java_class_path (initial): D:\coursecrud (2)\coursecrud\target\classes;C:\Users\tando\.m2\repository\org\springframework\boot\spring-boot-h2console\4.0.1\spring-boot-h2console-4.0.1.jar;C:\Users\tando\.m2\repository\org\springframework\boot\spring-boot\4.0.1\spring-boot-4.0.1.jar;C:\Users\tando\.m2\repository\org\springframework\spring-core\7.0.2\spring-core-7.0.2.jar;C:\Users\tando\.m2\repository\commons-logging\commons-logging\1.3.5\commons-logging-1.3.5.jar;C:\Users\tando\.m2\repository\org\jspecify\jspecify\1.0.0\jspecify-1.0.0.jar;C:\Users\tando\.m2\repository\org\springframework\spring-context\7.0.2\spring-context-7.0.2.jar;C:\Users\tando\.m2\repository\org\springframework\spring-aop\7.0.2\spring-aop-7.0.2.jar;C:\Users\tando\.m2\repository\org\springframework\spring-beans\7.0.2\spring-beans-7.0.2.jar;C:\Users\tando\.m2\repository\org\springframework\spring-expression\7.0.2\spring-expression-7.0.2.jar;C:\Users\tando\.m2\repository\io\micrometer\micrometer-observation\1.16.1\micrometer-observation-1.16.1.jar;C:\Users\tando\.m2\repository\io\micrometer\micrometer-commons\1.16.1\micrometer-commons-1.16.1.jar;C:\Users\tando\.m2\repository\jakarta\servlet\jakarta.servlet-api\6.1.0\jakarta.servlet-api-6.1.0.jar;C:\Users\tando\.m2\repository\org\springframework\boot\spring-boot-starter-data-jpa\4.0.1\spring-boot-starter-data-jpa-4.0.1.jar;C:\Users\tando\.m2\repository\org\springframework\boot\spring-boot-starter\4.0.1\spring-boot-starter-4.0.1.jar;C:\Users\tando\.m2\repository\org\springframework\boot\spring-boot-starter-logging\4.0.1\spring-boot-starter-logging-4.0.1.jar;C:\Users\tando\.m2\repository\ch\qos\logback\logback-classic\1.5.22\logback-classic-1.5.22.jar;C:\Users\tando\.m2\repository\ch\qos\logback\logback-core\1.5.22\logback-core-1.5.22.jar;C:\Users\tando\.m2\repository\org\apache\logging\log4j\log4j-to-slf4j\2.25.3\log4j-to-slf4j-2.25.3.jar;C:\Users\tando\.m2\repository\org\apache\logging\log4j\log4j-api\2.25.3\log4j-api-2.25.3.jar;C:\Users\tando\.m2\repository\org\slf4j\jul-to-slf4j\2.0.17\jul-to-slf4j-2.0.17.jar;C:\Users\tando\.m2\repository\org\springframework\boot\spring-boot-autoconfigure\4.0.1\spring-boot-autoconfigure-4.0.1.jar;C:\Users\tando\.m2\repository\jakarta\annotation\jakarta.annotation-api\3.0.0\jakarta.annotation-api-3.0.0.jar;C:\Users\tando\.m2\repository\org\yaml\snakeyaml\2.5\snakeyaml-2.5.jar;C:\Users\tando\.m2\repository\org\springframework\boot\spring-boot-starter-jdbc\4.0.1\spring-boot-starter-jdbc-4.0.1.jar;C:\Users\tando\.m2\repository\com\zaxxer\HikariCP\7.0.2\HikariCP-7.0.2.jar;C:\Users\tando\.m2\repository\org\slf4j\slf4j-api\2.0.17\slf4j-api-2.0.17.jar;C:\Users\tando\.m2\repository\org\springframework\boot\spring-boot-data-jpa\4.0.1\spring-boot-data-jpa-4.0.1.jar;C:\Users\tando\.m2\repository\org\springframework\boot\spring-boot-data-commons\4.0.1\spring-boot-data-commons-4.0.1.jar;C:\Users\tando\.m2\repository\org\springframework\boot\spring-boot-persistence\4.0.1\spring-boot-persistence-4.0.1.jar;C:\Users\tando\.m2\repository\org\springframework\data\spring-data-commons\4.0.1\spring-data-commons-4.0.1.jar;C:\Users\tando\.m2\repository\org\springframework\boot\spring-boot-hibernate\4.0.1\spring-boot-hibernate-4.0.1.jar;C:\Users\tando\.m2\repository\org\springframework\boot\spring-boot-jpa\4.0.1\spring-boot-jpa-4.0.1.jar;C:\Users\tando\.m2\repository\jakarta\persistence\jakarta.persistence-api\3.2.0\jakarta.persistence-api-3.2.0.jar;C:\Users\tando\.m2\repository\org\hibernate\orm\hibernate-core\7.2.0.Final\hibernate-core-7.2.0.Final.jar;C:\Users\tando\.m2\repository\jakarta\transaction\jakarta.transaction-api\2.0.1\jakarta.transaction-api-2.0.1.jar;C:\Users\tando\.m2\repository\org\jboss\logging\jboss-logging\3.6.1.Final\jboss-logging-3.6.1.Final.jar;C:\Users\tando\.m2\repository\org\hibernate\models\hibernate-models\1.0.1\hibernate-models-1.0.1.jar;C:\Users\tando\.m2\repository\com\fasterxml\classmate\1.7.1\classmate-1.7.1.jar;C:\Users\tando\.m2\repository\org\glassfish\jaxb\jaxb-runtime\4.0.6\jaxb-runtime-4.0.6.jar;C:\Users\tando\.m2\repository\org\glassfish\jaxb\jaxb-core\4.0.6\jaxb-core-4.0.6.jar;C:\Users\tando\.m2\repository\org\eclipse\angus\angus-activation\2.0.3\angus-activation-2.0.3.jar;C:\Users\tando\.m2\repository\org\glassfish\jaxb\txw2\4.0.6\txw2-4.0.6.jar;C:\Users\tando\.m2\repository\com\sun\istack\istack-commons-runtime\4.1.2\istack-commons-runtime-4.1.2.jar;C:\Users\tando\.m2\repository\jakarta\inject\jakarta.inject-api\2.0.1\jakarta.inject-api-2.0.1.jar;C:\Users\tando\.m2\repository\org\springframework\spring-orm\7.0.2\spring-orm-7.0.2.jar;C:\Users\tando\.m2\repository\org\springframework\data\spring-data-jpa\4.0.1\spring-data-jpa-4.0.1.jar;C:\Users\tando\.m2\repository\org\springframework\spring-tx\7.0.2\spring-tx-7.0.2.jar;C:\Users\tando\.m2\repository\org\antlr\antlr4-runtime\4.13.2\antlr4-runtime-4.13.2.jar;C:\Users\tando\.m2\repository\org\springframework\spring-aspects\7.0.2\spring-aspects-7.0.2.jar;C:\Users\tando\.m2\repository\org\aspectj\aspectjweaver\1.9.25.1\aspectjweaver-1.9.25.1.jar;C:\Users\tando\.m2\repository\org\springframework\boot\spring-boot-jdbc\4.0.1\spring-boot-jdbc-4.0.1.jar;C:\Users\tando\.m2\repository\org\springframework\boot\spring-boot-sql\4.0.1\spring-boot-sql-4.0.1.jar;C:\Users\tando\.m2\repository\org\springframework\boot\spring-boot-transaction\4.0.1\spring-boot-transaction-4.0.1.jar;C:\Users\tando\.m2\repository\org\springframework\spring-jdbc\7.0.2\spring-jdbc-7.0.2.jar;C:\Users\tando\.m2\repository\org\springframework\boot\spring-boot-starter-webmvc\4.0.1\spring-boot-starter-webmvc-4.0.1.jar;C:\Users\tando\.m2\repository\org\springframework\boot\spring-boot-starter-jackson\4.0.1\spring-boot-starter-jackson-4.0.1.jar;C:\Users\tando\.m2\repository\org\springframework\boot\spring-boot-jackson\4.0.1\spring-boot-jackson-4.0.1.jar;C:\Users\tando\.m2\repository\tools\jackson\core\jackson-databind\3.0.3\jackson-databind-3.0.3.jar;C:\Users\tando\.m2\repository\com\fasterxml\jackson\core\jackson-annotations\2.20\jackson-annotations-2.20.jar;C:\Users\tando\.m2\repository\tools\jackson\core\jackson-core\3.0.3\jackson-core-3.0.3.jar;C:\Users\tando\.m2\repository\org\springframework\boot\spring-boot-starter-tomcat\4.0.1\spring-boot-starter-tomcat-4.0.1.jar;C:\Users\tando\.m2\repository\org\springframework\boot\spring-boot-starter-tomcat-runtime\4.0.1\spring-boot-starter-tomcat-runtime-4.0.1.jar;C:\Users\tando\.m2\repository\org\apache\tomcat\embed\tomcat-embed-core\11.0.15\tomcat-embed-core-11.0.15.jar;C:\Users\tando\.m2\repository\org\apache\tomcat\embed\tomcat-embed-el\11.0.15\tomcat-embed-el-11.0.15.jar;C:\Users\tando\.m2\repository\org\apache\tomcat\embed\tomcat-embed-websocket\11.0.15\tomcat-embed-websocket-11.0.15.jar;C:\Users\tando\.m2\repository\org\springframework\boot\spring-boot-tomcat\4.0.1\spring-boot-tomcat-4.0.1.jar;C:\Users\tando\.m2\repository\org\springframework\boot\spring-boot-http-converter\4.0.1\spring-boot-http-converter-4.0.1.jar;C:\Users\tando\.m2\repository\org\springframework\spring-web\7.0.2\spring-web-7.0.2.jar;C:\Users\tando\.m2\repository\org\springframework\boot\spring-boot-webmvc\4.0.1\spring-boot-webmvc-4.0.1.jar;C:\Users\tando\.m2\repository\org\springframework\boot\spring-boot-servlet\4.0.1\spring-boot-servlet-4.0.1.jar;C:\Users\tando\.m2\repository\org\springframework\spring-webmvc\7.0.2\spring-webmvc-7.0.2.jar;C:\Users\tando\.m2\repository\com\h2database\h2\2.4.240\h2-2.4.240.jar;C:\Users\tando\.m2\repository\jakarta\xml\bind\jakarta.xml.bind-api\4.0.4\jakarta.xml.bind-api-4.0.4.jar;C:\Users\tando\.m2\repository\jakarta\activation\jakarta.activation-api\2.1.4\jakarta.activation-api-2.1.4.jar;C:\Users\tando\.m2\repository\net\bytebuddy\byte-buddy\1.17.8\byte-buddy-1.17.8.jar;C:\Users\tando\.m2\repository\org\springframework\boot\spring-boot-web-server\4.0.1\spring-boot-web-server-4.0.1.jar
Launcher Type: SUN_STANDARD

[Global flags]
     intx CICompilerCount                          = 4                                         {product} {ergonomic}
     uint ConcGCThreads                            = 3                                         {product} {ergonomic}
     uint G1ConcRefinementThreads                  = 10                                        {product} {ergonomic}
   size_t G1HeapRegionSize                         = 1048576                                   {product} {ergonomic}
   size_t InitialHeapSize                          = 62914560                                  {product} {ergonomic}
   size_t MarkStackSize                            = 4194304                                   {product} {ergonomic}
   size_t MarkStackSizeMax                         = 536870912                                 {product} {ergonomic}
   size_t MaxHeapSize                              = 987758592                                 {product} {ergonomic}
   size_t MaxNewSize                               = 592445440                                 {product} {ergonomic}
   size_t MinHeapDeltaBytes                        = 1048576                                   {product} {ergonomic}
   size_t MinHeapSize                              = 8388608                                   {product} {ergonomic}
    uintx NonNMethodCodeHeapSize                   = 5832704                                {pd product} {ergonomic}
    uintx NonProfiledCodeHeapSize                  = 122945536                              {pd product} {ergonomic}
    uintx ProfiledCodeHeapSize                     = 122880000                              {pd product} {ergonomic}
    uintx ReservedCodeCacheSize                    = 251658240                              {pd product} {ergonomic}
     bool SegmentedCodeCache                       = true                                      {product} {ergonomic}
   size_t SoftMaxHeapSize                          = 987758592                              {manageable} {ergonomic}
     bool UseCompressedOops                        = true                           {product lp64_product} {ergonomic}
     bool UseG1GC                                  = true                                      {product} {ergonomic}
     bool UseLargePagesIndividualAllocation        = false                                  {pd product} {ergonomic}

Logging:
Log output configuration:
 #0: stdout all=warning uptime,level,tags foldmultilines=false
 #1: stderr all=off uptime,level,tags foldmultilines=false

Release file:
IMPLEMENTOR="Oracle Corporation" 
JAVA_RUNTIME_VERSION="25.0.1+8-27" 
JAVA_VERSION="25.0.1" 
JAVA_VERSION_DATE="2025-10-21" 
LIBC="default" 
MODULES="java.base java.compiler java.datatransfer java.xml java.prefs java.desktop java.instrument java.logging java.management java.security.sasl java.naming java.rmi java.management.rmi java.net.http java.scripting java.security.jgss java.transaction.xa java.sql java.sql.rowset java.xml.crypto java.se java.smartcardio jdk.accessibility jdk.internal.jvmstat jdk.attach jdk.charsets jdk.internal.opt jdk.zipfs jdk.compiler jdk.crypto.cryptoki jdk.crypto.ec jdk.crypto.mscapi jdk.dynalink jdk.internal.ed jdk.editpad jdk.internal.vm.ci jdk.graal.compiler jdk.graal.compiler.management jdk.hotspot.agent jdk.httpserver jdk.incubator.vector jdk.internal.le jdk.internal.md jdk.jartool jdk.javadoc jdk.jcmd jdk.management jdk.management.agent jdk.jconsole jdk.jdeps jdk.jdwp.agent jdk.jdi jdk.jfr jdk.jlink jdk.jpackage jdk.jshell jdk.jsobject jdk.jstatd jdk.localedata jdk.management.jfr jdk.naming.dns jdk.naming.rmi jdk.net jdk.nio.mapmode jdk.sctp jdk.security.auth jdk.security.jgss jdk.unsupported jdk.unsupported.desktop jdk.xml.dom" 
OS_ARCH="x86_64" 
OS_NAME="Windows" 
SOURCE=".:git:78770bfaefd2" 

Environment Variables:
PATH=C:\oraclexe\app\oracle\product\10.2.0\server\bin;C:\Program Files\Common Files\Oracle\Java\javapath;C:\Users\tando\AppData\Local\Programs\Python\Python313\Scripts\;C:\Users\tando\AppData\Local\Programs\Python\Python313\;C:\windows\system32;C:\windows;C:\windows\System32\Wbem;C:\windows\System32\WindowsPowerShell\v1.0\;C:\windows\System32\OpenSSH\;C:\MinGW\bin;C:\Program Files\Git\cmd;E:\;C:\ProgramData\chocolatey\bin;C:\Program Files\Cloudflare\Cloudflare WARP\;D:\winlibs-x86_64-posix-seh-gcc-15.2.0-mingw-w64msvcrt-13.0.0-r1.zip\mingw64\bin;C:\Users\tando\AppData\Local\Microsoft\WindowsApps;C:\Users\tando\AppData\Roaming\npm;C:\Users\tando\AppData\Local\Programs\Microsoft VS Code\bin
USERNAME=tando
OS=Windows_NT
PROCESSOR_IDENTIFIER=Intel64 Family 6 Model 154 Stepping 4, GenuineIntel
TMP=C:\Users\tando\AppData\Local\Temp
TEMP=C:\Users\tando\AppData\Local\Temp




Compilation memory statistics disabled.

Periodic native trim disabled

---------------  S Y S T E M  ---------------

OS:
 Windows 11 , 64 bit Build 22621 (10.0.22621.5415)
OS uptime: 0 days 0:09 hours
Hyper-V role detected

CPU: total 12 (initial active 12) (6 cores per cpu, 2 threads per core) family 6 model 154 stepping 4 microcode 0x432, cx8, cmov, fxsr, ht, mmx, 3dnowpref, sse, sse2, sse3, ssse3, sse4.1, sse4.2, popcnt, lzcnt, tsc, tscinvbit, avx, avx2, aes, erms, clmul, bmi1, bmi2, adx, sha, fma, vzeroupper, clflush, clflushopt, clwb, hv, serialize, rdtscp, rdpid, fsrm, gfni, f16c, cet_ibt, cet_ss
Processor Information for processor 0
  Max Mhz: 1300, Current Mhz: 1300, Mhz Limit: 1300
Processor Information for processor 1
  Max Mhz: 1300, Current Mhz: 1300, Mhz Limit: 1300
Processor Information for processor 2
  Max Mhz: 1300, Current Mhz: 1300, Mhz Limit: 1300
Processor Information for processor 3
  Max Mhz: 1300, Current Mhz: 1300, Mhz Limit: 1300
Processor Information for processor 4
  Max Mhz: 1300, Current Mhz: 900, Mhz Limit: 897
Processor Information for processor 5
  Max Mhz: 1300, Current Mhz: 900, Mhz Limit: 897
Processor Information for processor 6
  Max Mhz: 1300, Current Mhz: 900, Mhz Limit: 897
Processor Information for processor 7
  Max Mhz: 1300, Current Mhz: 900, Mhz Limit: 897
Processor Information for processor 8
  Max Mhz: 1300, Current Mhz: 900, Mhz Limit: 897
Processor Information for processor 9
  Max Mhz: 1300, Current Mhz: 900, Mhz Limit: 897
Processor Information for processor 10
  Max Mhz: 1300, Current Mhz: 900, Mhz Limit: 897
Processor Information for processor 11
  Max Mhz: 1300, Current Mhz: 900, Mhz Limit: 897

Memory: 4k page, system-wide physical 3767M (213M free)
TotalPageFile size 11355M (AvailPageFile size 7M)
current process WorkingSet (physical memory assigned to process): 73M, peak: 73M
current process commit charge ("private bytes"): 163M, peak: 164M

vm_info: OpenJDK 64-Bit Server VM (25.0.1+8-27) for windows-amd64 JRE (25.0.1+8-27), built on 2025-09-25T16:41:16Z with unknown MS VC++:1943

END.
